{"artifact":"/home/rlkbr/Documents/fork/datafuse/target/rls/debug/deps/unicode_xid-7e9a196652fcff87.d","emit":"dep-info"}
{"artifact":"/home/rlkbr/Documents/fork/datafuse/target/rls/debug/deps/save-analysis/libunicode_xid-7e9a196652fcff87.json","emit":"save-analysis"}
{"artifact":"/home/rlkbr/Documents/fork/datafuse/target/rls/debug/deps/libunicode_xid-7e9a196652fcff87.rmeta","emit":"metadata"}
{"artifact":"/home/rlkbr/Documents/fork/datafuse/target/rls/debug/deps/libunicode_xid-7e9a196652fcff87.rlib","emit":"link"}
{"artifact":"/home/rlkbr/Documents/fork/datafuse/target/rls/debug/deps/either-a5360f8cd522265a.d","emit":"dep-info"}
{"artifact":"/home/rlkbr/Documents/fork/datafuse/target/rls/debug/deps/cfg_if-1076f37c3236743d.d","emit":"dep-info"}
{"artifact":"/home/rlkbr/Documents/fork/datafuse/target/rls/debug/deps/save-analysis/libcfg_if-1076f37c3236743d.json","emit":"save-analysis"}
{"artifact":"/home/rlkbr/Documents/fork/datafuse/target/rls/debug/deps/libcfg_if-1076f37c3236743d.rmeta","emit":"metadata"}
{"artifact":"/home/rlkbr/Documents/fork/datafuse/target/rls/debug/deps/libcfg_if-1076f37c3236743d.rlib","emit":"link"}
{"artifact":"/home/rlkbr/Documents/fork/datafuse/target/rls/debug/deps/save-analysis/libeither-a5360f8cd522265a.json","emit":"save-analysis"}
{"artifact":"/home/rlkbr/Documents/fork/datafuse/target/rls/debug/deps/libeither-a5360f8cd522265a.rmeta","emit":"metadata"}
{"artifact":"/home/rlkbr/Documents/fork/datafuse/target/rls/debug/deps/libeither-a5360f8cd522265a.rlib","emit":"link"}
{"artifact":"/home/rlkbr/Documents/fork/datafuse/target/rls/debug/deps/unicode_segmentation-5fa725aeb22ff110.d","emit":"dep-info"}
{"artifact":"/home/rlkbr/Documents/fork/datafuse/target/rls/debug/deps/once_cell-3fdd6c0f9eeb5a42.d","emit":"dep-info"}
{"artifact":"/home/rlkbr/Documents/fork/datafuse/target/rls/debug/deps/save-analysis/libonce_cell-3fdd6c0f9eeb5a42.json","emit":"save-analysis"}
{"artifact":"/home/rlkbr/Documents/fork/datafuse/target/rls/debug/deps/ppv_lite86-b18e191a548f29cf.d","emit":"dep-info"}
{"artifact":"/home/rlkbr/Documents/fork/datafuse/target/rls/debug/deps/libonce_cell-3fdd6c0f9eeb5a42.rmeta","emit":"metadata"}
{"artifact":"/home/rlkbr/Documents/fork/datafuse/target/rls/debug/deps/remove_dir_all-eb12c1760a98408e.d","emit":"dep-info"}
{"artifact":"/home/rlkbr/Documents/fork/datafuse/target/rls/debug/deps/save-analysis/libremove_dir_all-eb12c1760a98408e.json","emit":"save-analysis"}
{"artifact":"/home/rlkbr/Documents/fork/datafuse/target/rls/debug/deps/libremove_dir_all-eb12c1760a98408e.rmeta","emit":"metadata"}
{"artifact":"/home/rlkbr/Documents/fork/datafuse/target/rls/debug/deps/libremove_dir_all-eb12c1760a98408e.rlib","emit":"link"}
{"artifact":"/home/rlkbr/Documents/fork/datafuse/target/rls/debug/deps/tinyvec_macros-31d9fb0178d51ee4.d","emit":"dep-info"}
{"artifact":"/home/rlkbr/Documents/fork/datafuse/target/rls/debug/deps/save-analysis/libtinyvec_macros-31d9fb0178d51ee4.json","emit":"save-analysis"}
{"artifact":"/home/rlkbr/Documents/fork/datafuse/target/rls/debug/deps/libtinyvec_macros-31d9fb0178d51ee4.rmeta","emit":"metadata"}
{"artifact":"/home/rlkbr/Documents/fork/datafuse/target/rls/debug/deps/libtinyvec_macros-31d9fb0178d51ee4.rlib","emit":"link"}
{"artifact":"/home/rlkbr/Documents/fork/datafuse/target/rls/debug/deps/bytes-8a0004a462de497e.d","emit":"dep-info"}
{"artifact":"/home/rlkbr/Documents/fork/datafuse/target/rls/debug/deps/percent_encoding-52aa12bad9fe0e88.d","emit":"dep-info"}
{"artifact":"/home/rlkbr/Documents/fork/datafuse/target/rls/debug/deps/matches-85d62a9a19c65929.d","emit":"dep-info"}
{"artifact":"/home/rlkbr/Documents/fork/datafuse/target/rls/debug/deps/save-analysis/libmatches-85d62a9a19c65929.json","emit":"save-analysis"}
{"artifact":"/home/rlkbr/Documents/fork/datafuse/target/rls/debug/deps/libmatches-85d62a9a19c65929.rmeta","emit":"metadata"}
{"artifact":"/home/rlkbr/Documents/fork/datafuse/target/rls/debug/deps/fixedbitset-d03ac80982d725b9.d","emit":"dep-info"}
{"artifact":"/home/rlkbr/Documents/fork/datafuse/target/rls/debug/deps/libmatches-85d62a9a19c65929.rlib","emit":"link"}
{"artifact":"/home/rlkbr/Documents/fork/datafuse/target/rls/debug/deps/unicode_bidi-3c9d46cdc02317ff.d","emit":"dep-info"}
{"artifact":"/home/rlkbr/Documents/fork/datafuse/target/rls/debug/deps/glob-78b3adcf7992dd89.d","emit":"dep-info"}
{"artifact":"/home/rlkbr/Documents/fork/datafuse/target/rls/debug/deps/libonce_cell-3fdd6c0f9eeb5a42.rlib","emit":"link"}
{"artifact":"/home/rlkbr/Documents/fork/datafuse/target/rls/debug/deps/multimap-efa5fcc854fdf2ef.d","emit":"dep-info"}
{"artifact":"/home/rlkbr/Documents/fork/datafuse/target/rls/debug/deps/spin-d87764802aaed509.d","emit":"dep-info"}
{"artifact":"/home/rlkbr/Documents/fork/datafuse/target/rls/debug/deps/save-analysis/libfixedbitset-d03ac80982d725b9.json","emit":"save-analysis"}
{"artifact":"/home/rlkbr/Documents/fork/datafuse/target/rls/debug/deps/save-analysis/libpercent_encoding-52aa12bad9fe0e88.json","emit":"save-analysis"}
{"artifact":"/home/rlkbr/Documents/fork/datafuse/target/rls/debug/deps/libfixedbitset-d03ac80982d725b9.rmeta","emit":"metadata"}
{"artifact":"/home/rlkbr/Documents/fork/datafuse/target/rls/debug/deps/libpercent_encoding-52aa12bad9fe0e88.rmeta","emit":"metadata"}
{"artifact":"/home/rlkbr/Documents/fork/datafuse/target/rls/debug/deps/libunicode_segmentation-5fa725aeb22ff110.rmeta","emit":"metadata"}
{"artifact":"/home/rlkbr/Documents/fork/datafuse/target/rls/debug/deps/save-analysis/libspin-d87764802aaed509.json","emit":"save-analysis"}
{"artifact":"/home/rlkbr/Documents/fork/datafuse/target/rls/debug/deps/libspin-d87764802aaed509.rmeta","emit":"metadata"}
{"artifact":"/home/rlkbr/Documents/fork/datafuse/target/rls/debug/deps/ucd_trie-b5268ba792120c62.d","emit":"dep-info"}
{"artifact":"/home/rlkbr/Documents/fork/datafuse/target/rls/debug/deps/save-analysis/libglob-78b3adcf7992dd89.json","emit":"save-analysis"}
{"artifact":"/home/rlkbr/Documents/fork/datafuse/target/rls/debug/deps/libspin-d87764802aaed509.rlib","emit":"link"}
{"artifact":"/home/rlkbr/Documents/fork/datafuse/target/rls/debug/deps/save-analysis/libmultimap-efa5fcc854fdf2ef.json","emit":"save-analysis"}
{"artifact":"/home/rlkbr/Documents/fork/datafuse/target/rls/debug/deps/libmultimap-efa5fcc854fdf2ef.rmeta","emit":"metadata"}
{"artifact":"/home/rlkbr/Documents/fork/datafuse/target/rls/debug/deps/regex_syntax-48aae5cae16588f8.d","emit":"dep-info"}
{"artifact":"/home/rlkbr/Documents/fork/datafuse/target/rls/debug/deps/save-analysis/libucd_trie-b5268ba792120c62.json","emit":"save-analysis"}
{"artifact":"/home/rlkbr/Documents/fork/datafuse/target/rls/debug/deps/libglob-78b3adcf7992dd89.rmeta","emit":"metadata"}
{"artifact":"/home/rlkbr/Documents/fork/datafuse/target/rls/debug/deps/libmultimap-efa5fcc854fdf2ef.rlib","emit":"link"}
{"artifact":"/home/rlkbr/Documents/fork/datafuse/target/rls/debug/deps/itoa-3df3a95a5fa45e5d.d","emit":"dep-info"}
{"artifact":"/home/rlkbr/Documents/fork/datafuse/target/rls/debug/deps/save-analysis/libppv_lite86-b18e191a548f29cf.json","emit":"save-analysis"}
{"artifact":"/home/rlkbr/Documents/fork/datafuse/target/rls/debug/deps/save-analysis/libunicode_bidi-3c9d46cdc02317ff.json","emit":"save-analysis"}
{"artifact":"/home/rlkbr/Documents/fork/datafuse/target/rls/debug/deps/libppv_lite86-b18e191a548f29cf.rmeta","emit":"metadata"}
{"artifact":"/home/rlkbr/Documents/fork/datafuse/target/rls/debug/deps/libppv_lite86-b18e191a548f29cf.rlib","emit":"link"}
{"artifact":"/home/rlkbr/Documents/fork/datafuse/target/rls/debug/deps/libucd_trie-b5268ba792120c62.rmeta","emit":"metadata"}
{"artifact":"/home/rlkbr/Documents/fork/datafuse/target/rls/debug/deps/libfixedbitset-d03ac80982d725b9.rlib","emit":"link"}
{"artifact":"/home/rlkbr/Documents/fork/datafuse/target/rls/debug/deps/bytecount-6f5d144aecd98250.d","emit":"dep-info"}
{"artifact":"/home/rlkbr/Documents/fork/datafuse/target/rls/debug/deps/libpercent_encoding-52aa12bad9fe0e88.rlib","emit":"link"}
{"artifact":"/home/rlkbr/Documents/fork/datafuse/target/rls/debug/deps/libunicode_segmentation-5fa725aeb22ff110.rlib","emit":"link"}
{"artifact":"/home/rlkbr/Documents/fork/datafuse/target/rls/debug/deps/save-analysis/libitoa-3df3a95a5fa45e5d.json","emit":"save-analysis"}
{"artifact":"/home/rlkbr/Documents/fork/datafuse/target/rls/debug/deps/unicode_width-38b091994be79579.d","emit":"dep-info"}
{"artifact":"/home/rlkbr/Documents/fork/datafuse/target/rls/debug/deps/same_file-cd8070e8544413fb.d","emit":"dep-info"}
{"artifact":"/home/rlkbr/Documents/fork/datafuse/target/rls/debug/deps/libitoa-3df3a95a5fa45e5d.rmeta","emit":"metadata"}
{"artifact":"/home/rlkbr/Documents/fork/datafuse/target/rls/debug/deps/save-analysis/libbytecount-6f5d144aecd98250.json","emit":"save-analysis"}
{"artifact":"/home/rlkbr/Documents/fork/datafuse/target/rls/debug/deps/save-analysis/libbytes-8a0004a462de497e.json","emit":"save-analysis"}
{"artifact":"/home/rlkbr/Documents/fork/datafuse/target/rls/debug/deps/libitoa-3df3a95a5fa45e5d.rlib","emit":"link"}
{"artifact":"/home/rlkbr/Documents/fork/datafuse/target/rls/debug/deps/libunicode_bidi-3c9d46cdc02317ff.rmeta","emit":"metadata"}
{"artifact":"/home/rlkbr/Documents/fork/datafuse/target/rls/debug/deps/save-analysis/libunicode_width-38b091994be79579.json","emit":"save-analysis"}
{"artifact":"/home/rlkbr/Documents/fork/datafuse/target/rls/debug/deps/libbytecount-6f5d144aecd98250.rmeta","emit":"metadata"}
{"artifact":"/home/rlkbr/Documents/fork/datafuse/target/rls/debug/deps/libunicode_width-38b091994be79579.rmeta","emit":"metadata"}
{"artifact":"/home/rlkbr/Documents/fork/datafuse/target/rls/debug/deps/save-analysis/libsame_file-cd8070e8544413fb.json","emit":"save-analysis"}
{"artifact":"/home/rlkbr/Documents/fork/datafuse/target/rls/debug/deps/vec_map-bc16070e92b28871.d","emit":"dep-info"}
{"artifact":"/home/rlkbr/Documents/fork/datafuse/target/rls/debug/deps/libsame_file-cd8070e8544413fb.rmeta","emit":"metadata"}
{"artifact":"/home/rlkbr/Documents/fork/datafuse/target/rls/debug/deps/libunicode_width-38b091994be79579.rlib","emit":"link"}
{"artifact":"/home/rlkbr/Documents/fork/datafuse/target/rls/debug/deps/libbytes-8a0004a462de497e.rmeta","emit":"metadata"}
{"artifact":"/home/rlkbr/Documents/fork/datafuse/target/rls/debug/deps/ansi_term-ac79a12797c2d24f.d","emit":"dep-info"}
{"artifact":"/home/rlkbr/Documents/fork/datafuse/target/rls/debug/deps/libbytecount-6f5d144aecd98250.rlib","emit":"link"}
{"artifact":"/home/rlkbr/Documents/fork/datafuse/target/rls/debug/deps/strsim-37f9a02b5e936a52.d","emit":"dep-info"}
{"artifact":"/home/rlkbr/Documents/fork/datafuse/target/rls/debug/deps/libsame_file-cd8070e8544413fb.rlib","emit":"link"}
{"artifact":"/home/rlkbr/Documents/fork/datafuse/target/rls/debug/deps/termcolor-8a98aa4b28ba71aa.d","emit":"dep-info"}
{"artifact":"/home/rlkbr/Documents/fork/datafuse/target/rls/debug/deps/save-analysis/libvec_map-bc16070e92b28871.json","emit":"save-analysis"}
{"artifact":"/home/rlkbr/Documents/fork/datafuse/target/rls/debug/deps/libvec_map-bc16070e92b28871.rmeta","emit":"metadata"}
{"artifact":"/home/rlkbr/Documents/fork/datafuse/target/rls/debug/deps/save-analysis/libstrsim-37f9a02b5e936a52.json","emit":"save-analysis"}
{"artifact":"/home/rlkbr/Documents/fork/datafuse/target/rls/debug/deps/libvec_map-bc16070e92b28871.rlib","emit":"link"}
{"artifact":"/home/rlkbr/Documents/fork/datafuse/target/rls/debug/deps/lazycell-b22e8faa0f86ec3f.d","emit":"dep-info"}
{"artifact":"/home/rlkbr/Documents/fork/datafuse/target/rls/debug/deps/humantime-fa289b665c69a2e5.d","emit":"dep-info"}
{"artifact":"/home/rlkbr/Documents/fork/datafuse/target/rls/debug/deps/peeking_take_while-6c2b3bba4daa52f1.d","emit":"dep-info"}
{"artifact":"/home/rlkbr/Documents/fork/datafuse/target/rls/debug/deps/save-analysis/liblazycell-b22e8faa0f86ec3f.json","emit":"save-analysis"}
{"artifact":"/home/rlkbr/Documents/fork/datafuse/target/rls/debug/deps/libstrsim-37f9a02b5e936a52.rmeta","emit":"metadata"}
{"artifact":"/home/rlkbr/Documents/fork/datafuse/target/rls/debug/deps/liblazycell-b22e8faa0f86ec3f.rmeta","emit":"metadata"}
{"artifact":"/home/rlkbr/Documents/fork/datafuse/target/rls/debug/deps/liblazycell-b22e8faa0f86ec3f.rlib","emit":"link"}
{"artifact":"/home/rlkbr/Documents/fork/datafuse/target/rls/debug/deps/shlex-8356ecc5d8326d37.d","emit":"dep-info"}
{"artifact":"/home/rlkbr/Documents/fork/datafuse/target/rls/debug/deps/rustc_hash-cc9e238f738fe581.d","emit":"dep-info"}
{"artifact":"/home/rlkbr/Documents/fork/datafuse/target/rls/debug/deps/save-analysis/libpeeking_take_while-6c2b3bba4daa52f1.json","emit":"save-analysis"}
{"artifact":"/home/rlkbr/Documents/fork/datafuse/target/rls/debug/deps/libpeeking_take_while-6c2b3bba4daa52f1.rmeta","emit":"metadata"}
{"artifact":"/home/rlkbr/Documents/fork/datafuse/target/rls/debug/deps/save-analysis/libansi_term-ac79a12797c2d24f.json","emit":"save-analysis"}
{"artifact":"/home/rlkbr/Documents/fork/datafuse/target/rls/debug/deps/libpeeking_take_while-6c2b3bba4daa52f1.rlib","emit":"link"}
{"artifact":"/home/rlkbr/Documents/fork/datafuse/target/rls/debug/deps/save-analysis/libshlex-8356ecc5d8326d37.json","emit":"save-analysis"}
{"artifact":"/home/rlkbr/Documents/fork/datafuse/target/rls/debug/deps/save-analysis/librustc_hash-cc9e238f738fe581.json","emit":"save-analysis"}
{"artifact":"/home/rlkbr/Documents/fork/datafuse/target/rls/debug/deps/librustc_hash-cc9e238f738fe581.rmeta","emit":"metadata"}
{"artifact":"/home/rlkbr/Documents/fork/datafuse/target/rls/debug/deps/librustc_hash-cc9e238f738fe581.rlib","emit":"link"}
{"artifact":"/home/rlkbr/Documents/fork/datafuse/target/rls/debug/deps/libshlex-8356ecc5d8326d37.rmeta","emit":"metadata"}
{"artifact":"/home/rlkbr/Documents/fork/datafuse/target/rls/debug/deps/libansi_term-ac79a12797c2d24f.rmeta","emit":"metadata"}
{"artifact":"/home/rlkbr/Documents/fork/datafuse/target/rls/debug/deps/libucd_trie-b5268ba792120c62.rlib","emit":"link"}
{"artifact":"/home/rlkbr/Documents/fork/datafuse/target/rls/debug/deps/save-analysis/libhumantime-fa289b665c69a2e5.json","emit":"save-analysis"}
{"artifact":"/home/rlkbr/Documents/fork/datafuse/target/rls/debug/deps/libhumantime-fa289b665c69a2e5.rmeta","emit":"metadata"}
{"artifact":"/home/rlkbr/Documents/fork/datafuse/target/rls/debug/deps/save-analysis/libtermcolor-8a98aa4b28ba71aa.json","emit":"save-analysis"}
{"artifact":"/home/rlkbr/Documents/fork/datafuse/target/rls/debug/deps/libbytes-8a0004a462de497e.rlib","emit":"link"}
{"artifact":"/home/rlkbr/Documents/fork/datafuse/target/rls/debug/deps/libtermcolor-8a98aa4b28ba71aa.rmeta","emit":"metadata"}
{"artifact":"/home/rlkbr/Documents/fork/datafuse/target/rls/debug/deps/libshlex-8356ecc5d8326d37.rlib","emit":"link"}
{"artifact":"/home/rlkbr/Documents/fork/datafuse/target/rls/debug/deps/libansi_term-ac79a12797c2d24f.rlib","emit":"link"}
{"artifact":"/home/rlkbr/Documents/fork/datafuse/target/rls/debug/deps/libglob-78b3adcf7992dd89.rlib","emit":"link"}
{"artifact":"/home/rlkbr/Documents/fork/datafuse/target/rls/debug/deps/libhumantime-fa289b665c69a2e5.rlib","emit":"link"}
{"artifact":"/home/rlkbr/Documents/fork/datafuse/target/rls/debug/deps/libstrsim-37f9a02b5e936a52.rlib","emit":"link"}
{"artifact":"/home/rlkbr/Documents/fork/datafuse/target/rls/debug/deps/frunk_core-1ad13b5098a7b75f.d","emit":"dep-info"}
{"artifact":"/home/rlkbr/Documents/fork/datafuse/target/rls/debug/deps/libunicode_bidi-3c9d46cdc02317ff.rlib","emit":"link"}
{"artifact":"/home/rlkbr/Documents/fork/datafuse/target/rls/debug/deps/libloading-3166f066133eee24.d","emit":"dep-info"}
{"artifact":"/home/rlkbr/Documents/fork/datafuse/target/rls/debug/deps/libtermcolor-8a98aa4b28ba71aa.rlib","emit":"link"}
{"artifact":"/home/rlkbr/Documents/fork/datafuse/target/rls/debug/deps/itertools-d04b31f938fb4ad6.d","emit":"dep-info"}
{"artifact":"/home/rlkbr/Documents/fork/datafuse/target/rls/debug/deps/save-analysis/liblibloading-3166f066133eee24.json","emit":"save-analysis"}
{"artifact":"/home/rlkbr/Documents/fork/datafuse/target/rls/debug/deps/liblibloading-3166f066133eee24.rmeta","emit":"metadata"}
{"artifact":"/home/rlkbr/Documents/fork/datafuse/target/rls/debug/deps/itertools-fff3ced7592692dd.d","emit":"dep-info"}
{"artifact":"/home/rlkbr/Documents/fork/datafuse/target/rls/debug/deps/liblibloading-3166f066133eee24.rlib","emit":"link"}
{"artifact":"/home/rlkbr/Documents/fork/datafuse/target/rls/debug/deps/lazy_static-129d625630bb6658.d","emit":"dep-info"}
{"artifact":"/home/rlkbr/Documents/fork/datafuse/target/rls/debug/deps/tinyvec-cc62ddf791baa608.d","emit":"dep-info"}
{"artifact":"/home/rlkbr/Documents/fork/datafuse/target/rls/debug/deps/save-analysis/liblazy_static-129d625630bb6658.json","emit":"save-analysis"}
{"artifact":"/home/rlkbr/Documents/fork/datafuse/target/rls/debug/deps/liblazy_static-129d625630bb6658.rmeta","emit":"metadata"}
{"artifact":"/home/rlkbr/Documents/fork/datafuse/target/rls/debug/deps/liblazy_static-129d625630bb6658.rlib","emit":"link"}
{"artifact":"/home/rlkbr/Documents/fork/datafuse/target/rls/debug/deps/heck-d2d3fc380a23f434.d","emit":"dep-info"}
{"artifact":"/home/rlkbr/Documents/fork/datafuse/target/rls/debug/deps/textwrap-29ccac420bc59e82.d","emit":"dep-info"}
{"artifact":"/home/rlkbr/Documents/fork/datafuse/target/rls/debug/deps/form_urlencoded-1f708ed6576b9cd7.d","emit":"dep-info"}
{"artifact":"/home/rlkbr/Documents/fork/datafuse/target/rls/debug/deps/save-analysis/libheck-d2d3fc380a23f434.json","emit":"save-analysis"}
{"artifact":"/home/rlkbr/Documents/fork/datafuse/target/rls/debug/deps/walkdir-0c096853fddf64cc.d","emit":"dep-info"}
{"artifact":"/home/rlkbr/Documents/fork/datafuse/target/rls/debug/deps/save-analysis/libform_urlencoded-1f708ed6576b9cd7.json","emit":"save-analysis"}
{"artifact":"/home/rlkbr/Documents/fork/datafuse/target/rls/debug/deps/libheck-d2d3fc380a23f434.rmeta","emit":"metadata"}
{"artifact":"/home/rlkbr/Documents/fork/datafuse/target/rls/debug/deps/save-analysis/libtextwrap-29ccac420bc59e82.json","emit":"save-analysis"}
{"artifact":"/home/rlkbr/Documents/fork/datafuse/target/rls/debug/deps/libform_urlencoded-1f708ed6576b9cd7.rmeta","emit":"metadata"}
{"artifact":"/home/rlkbr/Documents/fork/datafuse/target/rls/debug/deps/libtextwrap-29ccac420bc59e82.rmeta","emit":"metadata"}
{"artifact":"/home/rlkbr/Documents/fork/datafuse/target/rls/debug/deps/save-analysis/libwalkdir-0c096853fddf64cc.json","emit":"save-analysis"}
{"artifact":"/home/rlkbr/Documents/fork/datafuse/target/rls/debug/deps/libform_urlencoded-1f708ed6576b9cd7.rlib","emit":"link"}
{"artifact":"/home/rlkbr/Documents/fork/datafuse/target/rls/debug/deps/libwalkdir-0c096853fddf64cc.rmeta","emit":"metadata"}
{"artifact":"/home/rlkbr/Documents/fork/datafuse/target/rls/debug/deps/pest-42c88d8b1086b128.d","emit":"dep-info"}
{"artifact":"/home/rlkbr/Documents/fork/datafuse/target/rls/debug/deps/save-analysis/libitertools-d04b31f938fb4ad6.json","emit":"save-analysis"}
{"artifact":"/home/rlkbr/Documents/fork/datafuse/target/rls/debug/deps/libm-5ca036ac253c9bf1.d","emit":"dep-info"}
{"artifact":"/home/rlkbr/Documents/fork/datafuse/target/rls/debug/deps/bitflags-6cd3a095fb7e327b.d","emit":"dep-info"}
{"artifact":"/home/rlkbr/Documents/fork/datafuse/target/rls/debug/deps/save-analysis/libbitflags-6cd3a095fb7e327b.json","emit":"save-analysis"}
{"artifact":"/home/rlkbr/Documents/fork/datafuse/target/rls/debug/deps/libbitflags-6cd3a095fb7e327b.rmeta","emit":"metadata"}
{"artifact":"/home/rlkbr/Documents/fork/datafuse/target/rls/debug/deps/memchr-9ea0ffde952f37e0.d","emit":"dep-info"}
{"artifact":"/home/rlkbr/Documents/fork/datafuse/target/rls/debug/deps/libbitflags-6cd3a095fb7e327b.rlib","emit":"link"}
{"artifact":"/home/rlkbr/Documents/fork/datafuse/target/rls/debug/deps/libheck-d2d3fc380a23f434.rlib","emit":"link"}
{"artifact":"/home/rlkbr/Documents/fork/datafuse/target/rls/debug/deps/ryu-93dd34000ae9ed42.d","emit":"dep-info"}
{"artifact":"/home/rlkbr/Documents/fork/datafuse/target/rls/debug/deps/libitertools-d04b31f938fb4ad6.rmeta","emit":"metadata"}
{"artifact":"/home/rlkbr/Documents/fork/datafuse/target/rls/debug/deps/libtextwrap-29ccac420bc59e82.rlib","emit":"link"}
{"artifact":"/home/rlkbr/Documents/fork/datafuse/target/rls/debug/deps/proc_macro2-6bdb267ad7a03cf0.d","emit":"dep-info"}
{"artifact":"/home/rlkbr/Documents/fork/datafuse/target/rls/debug/deps/save-analysis/libryu-93dd34000ae9ed42.json","emit":"save-analysis"}
{"artifact":"/home/rlkbr/Documents/fork/datafuse/target/rls/debug/deps/anyhow-66ea901b9888a4df.d","emit":"dep-info"}
{"artifact":"/home/rlkbr/Documents/fork/datafuse/target/rls/debug/deps/libryu-93dd34000ae9ed42.rmeta","emit":"metadata"}
{"artifact":"/home/rlkbr/Documents/fork/datafuse/target/rls/debug/deps/libryu-93dd34000ae9ed42.rlib","emit":"link"}
{"artifact":"/home/rlkbr/Documents/fork/datafuse/target/rls/debug/deps/save-analysis/libanyhow-66ea901b9888a4df.json","emit":"save-analysis"}
{"artifact":"/home/rlkbr/Documents/fork/datafuse/target/rls/debug/deps/libitertools-d04b31f938fb4ad6.rlib","emit":"link"}
{"artifact":"/home/rlkbr/Documents/fork/datafuse/target/rls/debug/deps/libanyhow-66ea901b9888a4df.rmeta","emit":"metadata"}
{"artifact":"/home/rlkbr/Documents/fork/datafuse/target/rls/debug/deps/libc-89cc76892c1799a5.d","emit":"dep-info"}
{"artifact":"/home/rlkbr/Documents/fork/datafuse/target/rls/debug/deps/libwalkdir-0c096853fddf64cc.rlib","emit":"link"}
{"artifact":"/home/rlkbr/Documents/fork/datafuse/target/rls/debug/deps/save-analysis/libmemchr-9ea0ffde952f37e0.json","emit":"save-analysis"}
{"artifact":"/home/rlkbr/Documents/fork/datafuse/target/rls/debug/deps/save-analysis/libproc_macro2-6bdb267ad7a03cf0.json","emit":"save-analysis"}
{"artifact":"/home/rlkbr/Documents/fork/datafuse/target/rls/debug/deps/libmemchr-9ea0ffde952f37e0.rmeta","emit":"metadata"}
{"artifact":"/home/rlkbr/Documents/fork/datafuse/target/rls/debug/deps/save-analysis/liblibm-5ca036ac253c9bf1.json","emit":"save-analysis"}
{"artifact":"/home/rlkbr/Documents/fork/datafuse/target/rls/debug/deps/save-analysis/libregex_syntax-48aae5cae16588f8.json","emit":"save-analysis"}
{"artifact":"/home/rlkbr/Documents/fork/datafuse/target/rls/debug/deps/liblibm-5ca036ac253c9bf1.rmeta","emit":"metadata"}
{"artifact":"/home/rlkbr/Documents/fork/datafuse/target/rls/debug/deps/libproc_macro2-6bdb267ad7a03cf0.rmeta","emit":"metadata"}
{"artifact":"/home/rlkbr/Documents/fork/datafuse/target/rls/debug/deps/save-analysis/libtinyvec-cc62ddf791baa608.json","emit":"save-analysis"}
{"artifact":"/home/rlkbr/Documents/fork/datafuse/target/rls/debug/deps/save-analysis/libitertools-fff3ced7592692dd.json","emit":"save-analysis"}
{"artifact":"/home/rlkbr/Documents/fork/datafuse/target/rls/debug/deps/semver-c62484af0cfb41ac.d","emit":"dep-info"}
{"artifact":"/home/rlkbr/Documents/fork/datafuse/target/rls/debug/deps/libanyhow-66ea901b9888a4df.rlib","emit":"link"}
{"artifact":"/home/rlkbr/Documents/fork/datafuse/target/rls/debug/deps/libtinyvec-cc62ddf791baa608.rmeta","emit":"metadata"}
{"artifact":"/home/rlkbr/Documents/fork/datafuse/target/rls/debug/deps/libtinyvec-cc62ddf791baa608.rlib","emit":"link"}
{"artifact":"/home/rlkbr/Documents/fork/datafuse/target/rls/debug/deps/save-analysis/libpest-42c88d8b1086b128.json","emit":"save-analysis"}
{"artifact":"/home/rlkbr/Documents/fork/datafuse/target/rls/debug/deps/libitertools-fff3ced7592692dd.rmeta","emit":"metadata"}
{"artifact":"/home/rlkbr/Documents/fork/datafuse/target/rls/debug/deps/libpest-42c88d8b1086b128.rmeta","emit":"metadata"}
{"artifact":"/home/rlkbr/Documents/fork/datafuse/target/rls/debug/deps/libregex_syntax-48aae5cae16588f8.rmeta","emit":"metadata"}
{"artifact":"/home/rlkbr/Documents/fork/datafuse/target/rls/debug/deps/save-analysis/libsemver-c62484af0cfb41ac.json","emit":"save-analysis"}
{"artifact":"/home/rlkbr/Documents/fork/datafuse/target/rls/debug/deps/libsemver-c62484af0cfb41ac.rmeta","emit":"metadata"}
{"artifact":"/home/rlkbr/Documents/fork/datafuse/target/rls/debug/deps/liblibm-5ca036ac253c9bf1.rlib","emit":"link"}
{"artifact":"/home/rlkbr/Documents/fork/datafuse/target/rls/debug/deps/libitertools-fff3ced7592692dd.rlib","emit":"link"}
{"artifact":"/home/rlkbr/Documents/fork/datafuse/target/rls/debug/deps/libmemchr-9ea0ffde952f37e0.rlib","emit":"link"}
{"artifact":"/home/rlkbr/Documents/fork/datafuse/target/rls/debug/deps/libpest-42c88d8b1086b128.rlib","emit":"link"}
{"artifact":"/home/rlkbr/Documents/fork/datafuse/target/rls/debug/deps/save-analysis/libfrunk_core-1ad13b5098a7b75f.json","emit":"save-analysis"}
{"artifact":"/home/rlkbr/Documents/fork/datafuse/target/rls/debug/deps/libsemver-c62484af0cfb41ac.rlib","emit":"link"}
{"artifact":"/home/rlkbr/Documents/fork/datafuse/target/rls/debug/deps/error_chain-745e4549c5374964.d","emit":"dep-info"}
{"artifact":"/home/rlkbr/Documents/fork/datafuse/target/rls/debug/deps/save-analysis/liberror_chain-745e4549c5374964.json","emit":"save-analysis"}
{"artifact":"/home/rlkbr/Documents/fork/datafuse/target/rls/debug/deps/liberror_chain-745e4549c5374964.rmeta","emit":"metadata"}
{"artifact":"/home/rlkbr/Documents/fork/datafuse/target/rls/debug/deps/libproc_macro2-6bdb267ad7a03cf0.rlib","emit":"link"}
{"artifact":"/home/rlkbr/Documents/fork/datafuse/target/rls/debug/deps/unicase-b7f00ef1491fd3d8.d","emit":"dep-info"}
{"artifact":"/home/rlkbr/Documents/fork/datafuse/target/rls/debug/deps/liberror_chain-745e4549c5374964.rlib","emit":"link"}
{"artifact":"/home/rlkbr/Documents/fork/datafuse/target/rls/debug/deps/save-analysis/libunicase-b7f00ef1491fd3d8.json","emit":"save-analysis"}
{"artifact":"/home/rlkbr/Documents/fork/datafuse/target/rls/debug/deps/libunicase-b7f00ef1491fd3d8.rmeta","emit":"metadata"}
{"artifact":"/home/rlkbr/Documents/fork/datafuse/target/rls/debug/deps/libfrunk_core-1ad13b5098a7b75f.rmeta","emit":"metadata"}
{"artifact":"/home/rlkbr/Documents/fork/datafuse/target/rls/debug/deps/unicode_normalization-ef8eae16e964e760.d","emit":"dep-info"}
{"artifact":"/home/rlkbr/Documents/fork/datafuse/target/rls/debug/deps/libfrunk_core-1ad13b5098a7b75f.rlib","emit":"link"}
{"artifact":"/home/rlkbr/Documents/fork/datafuse/target/rls/debug/deps/num_traits-101b3e9ac35f00b9.d","emit":"dep-info"}
{"artifact":"/home/rlkbr/Documents/fork/datafuse/target/rls/debug/deps/libunicase-b7f00ef1491fd3d8.rlib","emit":"link"}
{"artifact":"/home/rlkbr/Documents/fork/datafuse/target/rls/debug/deps/semver_parser-d60599dcbc9800a1.d","emit":"dep-info"}
{"artifact":"/home/rlkbr/Documents/fork/datafuse/target/rls/debug/deps/rustc_version-0da5a35ac495b318.d","emit":"dep-info"}
{"artifact":"/home/rlkbr/Documents/fork/datafuse/target/rls/debug/deps/quote-d3d97a96446fb074.d","emit":"dep-info"}
{"artifact":"/home/rlkbr/Documents/fork/datafuse/target/rls/debug/deps/save-analysis/librustc_version-0da5a35ac495b318.json","emit":"save-analysis"}
{"artifact":"/home/rlkbr/Documents/fork/datafuse/target/rls/debug/deps/aho_corasick-d1f597ba94637f43.d","emit":"dep-info"}
{"artifact":"/home/rlkbr/Documents/fork/datafuse/target/rls/debug/deps/librustc_version-0da5a35ac495b318.rmeta","emit":"metadata"}
{"artifact":"/home/rlkbr/Documents/fork/datafuse/target/rls/debug/deps/save-analysis/libquote-d3d97a96446fb074.json","emit":"save-analysis"}
{"artifact":"/home/rlkbr/Documents/fork/datafuse/target/rls/debug/deps/nom-fd60961486b515d9.d","emit":"dep-info"}
{"artifact":"/home/rlkbr/Documents/fork/datafuse/target/rls/debug/deps/libquote-d3d97a96446fb074.rmeta","emit":"metadata"}
{"artifact":"/home/rlkbr/Documents/fork/datafuse/target/rls/debug/deps/pulldown_cmark-a8aecab08bcb60e9.d","emit":"dep-info"}
{"artifact":"/home/rlkbr/Documents/fork/datafuse/target/rls/debug/deps/save-analysis/libsemver_parser-d60599dcbc9800a1.json","emit":"save-analysis"}
{"artifact":"/home/rlkbr/Documents/fork/datafuse/target/rls/debug/deps/liblibc-89cc76892c1799a5.rmeta","emit":"metadata"}
{"artifact":"/home/rlkbr/Documents/fork/datafuse/target/rls/debug/deps/libsemver_parser-d60599dcbc9800a1.rmeta","emit":"metadata"}
{"artifact":"/home/rlkbr/Documents/fork/datafuse/target/rls/debug/deps/libquote-d3d97a96446fb074.rlib","emit":"link"}
{"artifact":"/home/rlkbr/Documents/fork/datafuse/target/rls/debug/deps/librustc_version-0da5a35ac495b318.rlib","emit":"link"}
{"artifact":"/home/rlkbr/Documents/fork/datafuse/target/rls/debug/deps/save-analysis/libnum_traits-101b3e9ac35f00b9.json","emit":"save-analysis"}
{"artifact":"/home/rlkbr/Documents/fork/datafuse/target/rls/debug/deps/libnum_traits-101b3e9ac35f00b9.rmeta","emit":"metadata"}
{"artifact":"/home/rlkbr/Documents/fork/datafuse/target/rls/debug/deps/save-analysis/libaho_corasick-d1f597ba94637f43.json","emit":"save-analysis"}
{"artifact":"/home/rlkbr/Documents/fork/datafuse/target/rls/debug/deps/liblibc-89cc76892c1799a5.rlib","emit":"link"}
{"artifact":"/home/rlkbr/Documents/fork/datafuse/target/rls/debug/deps/libnum_traits-101b3e9ac35f00b9.rlib","emit":"link"}
{"artifact":"/home/rlkbr/Documents/fork/datafuse/target/rls/debug/deps/libaho_corasick-d1f597ba94637f43.rmeta","emit":"metadata"}
{"artifact":"/home/rlkbr/Documents/fork/datafuse/target/rls/debug/deps/libunicode_normalization-ef8eae16e964e760.rmeta","emit":"metadata"}
{"artifact":"/home/rlkbr/Documents/fork/datafuse/target/rls/debug/deps/save-analysis/libpulldown_cmark-a8aecab08bcb60e9.json","emit":"save-analysis"}
{"artifact":"/home/rlkbr/Documents/fork/datafuse/target/rls/debug/deps/libunicode_normalization-ef8eae16e964e760.rlib","emit":"link"}
{"artifact":"/home/rlkbr/Documents/fork/datafuse/target/rls/debug/deps/libpulldown_cmark-a8aecab08bcb60e9.rmeta","emit":"metadata"}
{"artifact":"/home/rlkbr/Documents/fork/datafuse/target/rls/debug/deps/libsemver_parser-d60599dcbc9800a1.rlib","emit":"link"}
{"artifact":"/home/rlkbr/Documents/fork/datafuse/target/rls/debug/deps/syn-2eccb5b7170120f7.d","emit":"dep-info"}
{"artifact":"/home/rlkbr/Documents/fork/datafuse/target/rls/debug/deps/jobserver-1b537a08b502dba5.d","emit":"dep-info"}
{"artifact":"/home/rlkbr/Documents/fork/datafuse/target/rls/debug/deps/which-22763f7b835e5807.d","emit":"dep-info"}
{"artifact":"/home/rlkbr/Documents/fork/datafuse/target/rls/debug/deps/atty-e5f771e3668cb586.d","emit":"dep-info"}
{"artifact":"/home/rlkbr/Documents/fork/datafuse/target/rls/debug/deps/getrandom-533a826cdc8150d3.d","emit":"dep-info"}
{"artifact":"/home/rlkbr/Documents/fork/datafuse/target/rls/debug/deps/time-cef64213cabb88cc.d","emit":"dep-info"}
{"artifact":"/home/rlkbr/Documents/fork/datafuse/target/rls/debug/deps/save-analysis/libatty-e5f771e3668cb586.json","emit":"save-analysis"}
{"artifact":"/home/rlkbr/Documents/fork/datafuse/target/rls/debug/deps/libatty-e5f771e3668cb586.rmeta","emit":"metadata"}
{"artifact":"/home/rlkbr/Documents/fork/datafuse/target/rls/debug/deps/save-analysis/libjobserver-1b537a08b502dba5.json","emit":"save-analysis"}
{"artifact":"/home/rlkbr/Documents/fork/datafuse/target/rls/debug/deps/libatty-e5f771e3668cb586.rlib","emit":"link"}
{"artifact":"/home/rlkbr/Documents/fork/datafuse/target/rls/debug/deps/libregex_syntax-48aae5cae16588f8.rlib","emit":"link"}
{"artifact":"/home/rlkbr/Documents/fork/datafuse/target/rls/debug/deps/libjobserver-1b537a08b502dba5.rmeta","emit":"metadata"}
{"artifact":"/home/rlkbr/Documents/fork/datafuse/target/rls/debug/deps/save-analysis/libnom-fd60961486b515d9.json","emit":"save-analysis"}
{"artifact":"/home/rlkbr/Documents/fork/datafuse/target/rls/debug/deps/save-analysis/libwhich-22763f7b835e5807.json","emit":"save-analysis"}
{"artifact":"/home/rlkbr/Documents/fork/datafuse/target/rls/debug/deps/save-analysis/libgetrandom-533a826cdc8150d3.json","emit":"save-analysis"}
{"artifact":"/home/rlkbr/Documents/fork/datafuse/target/rls/debug/deps/libwhich-22763f7b835e5807.rmeta","emit":"metadata"}
{"artifact":"/home/rlkbr/Documents/fork/datafuse/target/rls/debug/deps/libgetrandom-533a826cdc8150d3.rmeta","emit":"metadata"}
{"artifact":"/home/rlkbr/Documents/fork/datafuse/target/rls/debug/deps/num_integer-d6566b952e05477e.d","emit":"dep-info"}
{"artifact":"/home/rlkbr/Documents/fork/datafuse/target/rls/debug/deps/save-analysis/libtime-cef64213cabb88cc.json","emit":"save-analysis"}
{"artifact":"/home/rlkbr/Documents/fork/datafuse/target/rls/debug/deps/clang_sys-54afca8072e7ab01.d","emit":"dep-info"}
{"artifact":"/home/rlkbr/Documents/fork/datafuse/target/rls/debug/deps/libwhich-22763f7b835e5807.rlib","emit":"link"}
{"artifact":"/home/rlkbr/Documents/fork/datafuse/target/rls/debug/deps/libtime-cef64213cabb88cc.rmeta","emit":"metadata"}
{"artifact":"/home/rlkbr/Documents/fork/datafuse/target/rls/debug/deps/libgetrandom-533a826cdc8150d3.rlib","emit":"link"}
{"artifact":"/home/rlkbr/Documents/fork/datafuse/target/rls/debug/deps/libnom-fd60961486b515d9.rmeta","emit":"metadata"}
{"artifact":"/home/rlkbr/Documents/fork/datafuse/target/rls/debug/deps/save-analysis/libnum_integer-d6566b952e05477e.json","emit":"save-analysis"}
{"artifact":"/home/rlkbr/Documents/fork/datafuse/target/rls/debug/deps/libnum_integer-d6566b952e05477e.rmeta","emit":"metadata"}
{"artifact":"/home/rlkbr/Documents/fork/datafuse/target/rls/debug/deps/idna-a627e64ef14850a0.d","emit":"dep-info"}
{"artifact":"/home/rlkbr/Documents/fork/datafuse/target/rls/debug/deps/libjobserver-1b537a08b502dba5.rlib","emit":"link"}
{"artifact":"/home/rlkbr/Documents/fork/datafuse/target/rls/debug/deps/libaho_corasick-d1f597ba94637f43.rlib","emit":"link"}
{"artifact":"/home/rlkbr/Documents/fork/datafuse/target/rls/debug/deps/libnum_integer-d6566b952e05477e.rlib","emit":"link"}
{"artifact":"/home/rlkbr/Documents/fork/datafuse/target/rls/debug/deps/libnom-fd60961486b515d9.rlib","emit":"link"}
{"artifact":"/home/rlkbr/Documents/fork/datafuse/target/rls/debug/deps/libtime-cef64213cabb88cc.rlib","emit":"link"}
{"artifact":"/home/rlkbr/Documents/fork/datafuse/target/rls/debug/deps/rand_core-7451545f3529bfba.d","emit":"dep-info"}
{"artifact":"/home/rlkbr/Documents/fork/datafuse/target/rls/debug/deps/ahash-57d710b9cc9975e2.d","emit":"dep-info"}
{"artifact":"/home/rlkbr/Documents/fork/datafuse/target/rls/debug/deps/clap-e54c500dc9bc2b7d.d","emit":"dep-info"}
{"artifact":"/home/rlkbr/Documents/fork/datafuse/target/rls/debug/deps/libpulldown_cmark-a8aecab08bcb60e9.rlib","emit":"link"}
{"artifact":"/home/rlkbr/Documents/fork/datafuse/target/rls/debug/deps/cc-1f483e07a586766a.d","emit":"dep-info"}
{"artifact":"/home/rlkbr/Documents/fork/datafuse/target/rls/debug/deps/save-analysis/librand_core-7451545f3529bfba.json","emit":"save-analysis"}
{"artifact":"/home/rlkbr/Documents/fork/datafuse/target/rls/debug/deps/librand_core-7451545f3529bfba.rmeta","emit":"metadata"}
{"artifact":"/home/rlkbr/Documents/fork/datafuse/target/rls/debug/deps/libidna-a627e64ef14850a0.rmeta","emit":"metadata"}
{"artifact":"/home/rlkbr/Documents/fork/datafuse/target/rls/debug/deps/cexpr-1d51821deed5c9e9.d","emit":"dep-info"}
{"artifact":"/home/rlkbr/Documents/fork/datafuse/target/rls/debug/deps/save-analysis/libahash-57d710b9cc9975e2.json","emit":"save-analysis"}
{"artifact":"/home/rlkbr/Documents/fork/datafuse/target/rls/debug/deps/libahash-57d710b9cc9975e2.rmeta","emit":"metadata"}
{"artifact":"/home/rlkbr/Documents/fork/datafuse/target/rls/debug/deps/librand_core-7451545f3529bfba.rlib","emit":"link"}
{"artifact":"/home/rlkbr/Documents/fork/datafuse/target/rls/debug/deps/regex-5453cd0ced515eb8.d","emit":"dep-info"}
{"artifact":"/home/rlkbr/Documents/fork/datafuse/target/rls/debug/deps/libahash-57d710b9cc9975e2.rlib","emit":"link"}
{"artifact":"/home/rlkbr/Documents/fork/datafuse/target/rls/debug/deps/save-analysis/libcc-1f483e07a586766a.json","emit":"save-analysis"}
{"artifact":"/home/rlkbr/Documents/fork/datafuse/target/rls/debug/deps/rand_chacha-235b1d689ecaa56b.d","emit":"dep-info"}
{"artifact":"/home/rlkbr/Documents/fork/datafuse/target/rls/debug/deps/hashbrown-1d4c6afc3d93ea3e.d","emit":"dep-info"}
{"artifact":"/home/rlkbr/Documents/fork/datafuse/target/rls/debug/deps/save-analysis/libcexpr-1d51821deed5c9e9.json","emit":"save-analysis"}
{"artifact":"/home/rlkbr/Documents/fork/datafuse/target/rls/debug/deps/libcc-1f483e07a586766a.rmeta","emit":"metadata"}
{"artifact":"/home/rlkbr/Documents/fork/datafuse/target/rls/debug/deps/save-analysis/librand_chacha-235b1d689ecaa56b.json","emit":"save-analysis"}
{"artifact":"/home/rlkbr/Documents/fork/datafuse/target/rls/debug/deps/libcexpr-1d51821deed5c9e9.rmeta","emit":"metadata"}
{"artifact":"/home/rlkbr/Documents/fork/datafuse/target/rls/debug/deps/libidna-a627e64ef14850a0.rlib","emit":"link"}
{"artifact":"/home/rlkbr/Documents/fork/datafuse/target/rls/debug/deps/librand_chacha-235b1d689ecaa56b.rmeta","emit":"metadata"}
{"artifact":"/home/rlkbr/Documents/fork/datafuse/target/rls/debug/deps/save-analysis/libclang_sys-54afca8072e7ab01.json","emit":"save-analysis"}
{"artifact":"/home/rlkbr/Documents/fork/datafuse/target/rls/debug/deps/url-eae9959bb8e7350b.d","emit":"dep-info"}
{"artifact":"/home/rlkbr/Documents/fork/datafuse/target/rls/debug/deps/save-analysis/libhashbrown-1d4c6afc3d93ea3e.json","emit":"save-analysis"}
{"artifact":"/home/rlkbr/Documents/fork/datafuse/target/rls/debug/deps/libhashbrown-1d4c6afc3d93ea3e.rmeta","emit":"metadata"}
{"artifact":"/home/rlkbr/Documents/fork/datafuse/target/rls/debug/deps/libhashbrown-1d4c6afc3d93ea3e.rlib","emit":"link"}
{"artifact":"/home/rlkbr/Documents/fork/datafuse/target/rls/debug/deps/libcexpr-1d51821deed5c9e9.rlib","emit":"link"}
{"artifact":"/home/rlkbr/Documents/fork/datafuse/target/rls/debug/deps/indexmap-0ead9f7e3dce4f1a.d","emit":"dep-info"}
{"artifact":"/home/rlkbr/Documents/fork/datafuse/target/rls/debug/deps/libclang_sys-54afca8072e7ab01.rmeta","emit":"metadata"}
{"artifact":"/home/rlkbr/Documents/fork/datafuse/target/rls/debug/deps/save-analysis/libregex-5453cd0ced515eb8.json","emit":"save-analysis"}
{"artifact":"/home/rlkbr/Documents/fork/datafuse/target/rls/debug/deps/libcc-1f483e07a586766a.rlib","emit":"link"}
{"artifact":"/home/rlkbr/Documents/fork/datafuse/target/rls/debug/deps/save-analysis/liburl-eae9959bb8e7350b.json","emit":"save-analysis"}
{"artifact":"/home/rlkbr/Documents/fork/datafuse/target/rls/debug/deps/liburl-eae9959bb8e7350b.rmeta","emit":"metadata"}
{"artifact":"/home/rlkbr/Documents/fork/datafuse/target/rls/debug/deps/save-analysis/libindexmap-0ead9f7e3dce4f1a.json","emit":"save-analysis"}
{"artifact":"/home/rlkbr/Documents/fork/datafuse/target/rls/debug/deps/libindexmap-0ead9f7e3dce4f1a.rmeta","emit":"metadata"}
{"artifact":"/home/rlkbr/Documents/fork/datafuse/target/rls/debug/deps/libregex-5453cd0ced515eb8.rmeta","emit":"metadata"}
{"artifact":"/home/rlkbr/Documents/fork/datafuse/target/rls/debug/deps/librand_chacha-235b1d689ecaa56b.rlib","emit":"link"}
{"artifact":"/home/rlkbr/Documents/fork/datafuse/target/rls/debug/deps/libindexmap-0ead9f7e3dce4f1a.rlib","emit":"link"}
{"artifact":"/home/rlkbr/Documents/fork/datafuse/target/rls/debug/deps/petgraph-843596366e716c4d.d","emit":"dep-info"}
{"artifact":"/home/rlkbr/Documents/fork/datafuse/target/rls/debug/deps/rand-a36181ce6d3b598a.d","emit":"dep-info"}
{"artifact":"/home/rlkbr/Documents/fork/datafuse/target/rls/debug/deps/liburl-eae9959bb8e7350b.rlib","emit":"link"}
{"artifact":"/home/rlkbr/Documents/fork/datafuse/target/rls/debug/deps/libz_sys-bb6e605143918c85.d","emit":"dep-info"}
{"artifact":"/home/rlkbr/Documents/fork/datafuse/target/rls/debug/deps/save-analysis/liblibz_sys-bb6e605143918c85.json","emit":"save-analysis"}
{"artifact":"/home/rlkbr/Documents/fork/datafuse/target/rls/debug/deps/liblibz_sys-bb6e605143918c85.rmeta","emit":"metadata"}
{"artifact":"/home/rlkbr/Documents/fork/datafuse/target/rls/debug/deps/liblibz_sys-bb6e605143918c85.rlib","emit":"link"}
{"artifact":"/home/rlkbr/Documents/fork/datafuse/target/rls/debug/deps/save-analysis/libclap-e54c500dc9bc2b7d.json","emit":"save-analysis"}
{"artifact":"/home/rlkbr/Documents/fork/datafuse/target/rls/debug/deps/save-analysis/librand-a36181ce6d3b598a.json","emit":"save-analysis"}
{"artifact":"/home/rlkbr/Documents/fork/datafuse/target/rls/debug/deps/save-analysis/libsyn-2eccb5b7170120f7.json","emit":"save-analysis"}
{"artifact":"/home/rlkbr/Documents/fork/datafuse/target/rls/debug/deps/librand-a36181ce6d3b598a.rmeta","emit":"metadata"}
{"artifact":"/home/rlkbr/Documents/fork/datafuse/target/rls/debug/deps/save-analysis/libpetgraph-843596366e716c4d.json","emit":"save-analysis"}
{"artifact":"/home/rlkbr/Documents/fork/datafuse/target/rls/debug/deps/librand-a36181ce6d3b598a.rlib","emit":"link"}
{"artifact":"/home/rlkbr/Documents/fork/datafuse/target/rls/debug/deps/libpetgraph-843596366e716c4d.rmeta","emit":"metadata"}
{"artifact":"/home/rlkbr/Documents/fork/datafuse/target/rls/debug/deps/libclap-e54c500dc9bc2b7d.rmeta","emit":"metadata"}
{"artifact":"/home/rlkbr/Documents/fork/datafuse/target/rls/debug/deps/tempfile-06db19da5f06ee0f.d","emit":"dep-info"}
{"artifact":"/home/rlkbr/Documents/fork/datafuse/target/rls/debug/deps/libpetgraph-843596366e716c4d.rlib","emit":"link"}
{"artifact":"/home/rlkbr/Documents/fork/datafuse/target/rls/debug/deps/save-analysis/libtempfile-06db19da5f06ee0f.json","emit":"save-analysis"}
{"artifact":"/home/rlkbr/Documents/fork/datafuse/target/rls/debug/deps/libtempfile-06db19da5f06ee0f.rmeta","emit":"metadata"}
{"artifact":"/home/rlkbr/Documents/fork/datafuse/target/rls/debug/deps/libtempfile-06db19da5f06ee0f.rlib","emit":"link"}
{"artifact":"/home/rlkbr/Documents/fork/datafuse/target/rls/debug/deps/libsyn-2eccb5b7170120f7.rmeta","emit":"metadata"}
{"artifact":"/home/rlkbr/Documents/fork/datafuse/target/rls/debug/deps/libclang_sys-54afca8072e7ab01.rlib","emit":"link"}
{"artifact":"/home/rlkbr/Documents/fork/datafuse/target/rls/debug/deps/libregex-5453cd0ced515eb8.rlib","emit":"link"}
{"artifact":"/home/rlkbr/Documents/fork/datafuse/target/rls/debug/deps/libclap-e54c500dc9bc2b7d.rlib","emit":"link"}
{"artifact":"/home/rlkbr/Documents/fork/datafuse/target/rls/debug/deps/libsyn-2eccb5b7170120f7.rlib","emit":"link"}
{"artifact":"/home/rlkbr/Documents/fork/datafuse/target/rls/debug/deps/libgit2_sys-248d78f5bc79c036.d","emit":"dep-info"}
{"artifact":"/home/rlkbr/Documents/fork/datafuse/target/rls/debug/deps/save-analysis/liblibgit2_sys-248d78f5bc79c036.json","emit":"save-analysis"}
{"artifact":"/home/rlkbr/Documents/fork/datafuse/target/rls/debug/deps/liblibgit2_sys-248d78f5bc79c036.rmeta","emit":"metadata"}
{"artifact":"/home/rlkbr/Documents/fork/datafuse/target/rls/debug/deps/liblibgit2_sys-248d78f5bc79c036.rlib","emit":"link"}
{"artifact":"/home/rlkbr/Documents/fork/datafuse/target/rls/debug/deps/enum_iterator-23b03844c75883e3.d","emit":"dep-info"}
{"artifact":"/home/rlkbr/Documents/fork/datafuse/target/rls/debug/deps/save-analysis/libenum_iterator-23b03844c75883e3.json","emit":"save-analysis"}
{"artifact":"/home/rlkbr/Documents/fork/datafuse/target/rls/debug/deps/libenum_iterator-23b03844c75883e3.rmeta","emit":"metadata"}
{"artifact":"/home/rlkbr/Documents/fork/datafuse/target/rls/debug/deps/libenum_iterator-23b03844c75883e3.rlib","emit":"link"}
{"artifact":"/home/rlkbr/Documents/fork/datafuse/target/rls/debug/deps/thiserror-dfba4daf24b2c8a3.d","emit":"dep-info"}
{"artifact":"/home/rlkbr/Documents/fork/datafuse/target/rls/debug/deps/save-analysis/libthiserror-dfba4daf24b2c8a3.json","emit":"save-analysis"}
{"artifact":"/home/rlkbr/Documents/fork/datafuse/target/rls/debug/deps/libthiserror-dfba4daf24b2c8a3.rmeta","emit":"metadata"}
{"artifact":"/home/rlkbr/Documents/fork/datafuse/target/rls/debug/deps/libthiserror-dfba4daf24b2c8a3.rlib","emit":"link"}
{"artifact":"/home/rlkbr/Documents/fork/datafuse/target/rls/debug/deps/prost-34caf06d38f6ef8e.d","emit":"dep-info"}
{"artifact":"/home/rlkbr/Documents/fork/datafuse/target/rls/debug/deps/prost-4ba94684e6ff6f05.d","emit":"dep-info"}
{"artifact":"/home/rlkbr/Documents/fork/datafuse/target/rls/debug/deps/save-analysis/libprost-34caf06d38f6ef8e.json","emit":"save-analysis"}
{"artifact":"/home/rlkbr/Documents/fork/datafuse/target/rls/debug/deps/libprost-34caf06d38f6ef8e.rmeta","emit":"metadata"}
{"artifact":"/home/rlkbr/Documents/fork/datafuse/target/rls/debug/deps/save-analysis/libprost-4ba94684e6ff6f05.json","emit":"save-analysis"}
{"artifact":"/home/rlkbr/Documents/fork/datafuse/target/rls/debug/deps/libprost-34caf06d38f6ef8e.rlib","emit":"link"}
{"artifact":"/home/rlkbr/Documents/fork/datafuse/target/rls/debug/deps/libprost-4ba94684e6ff6f05.rmeta","emit":"metadata"}
{"artifact":"/home/rlkbr/Documents/fork/datafuse/target/rls/debug/deps/libprost-4ba94684e6ff6f05.rlib","emit":"link"}
{"artifact":"/home/rlkbr/Documents/fork/datafuse/target/rls/debug/deps/prost_types-9243e11eb8eacddd.d","emit":"dep-info"}
{"artifact":"/home/rlkbr/Documents/fork/datafuse/target/rls/debug/deps/prost_types-62a7b6a877a7be6c.d","emit":"dep-info"}
{"artifact":"/home/rlkbr/Documents/fork/datafuse/target/rls/debug/deps/save-analysis/libprost_types-9243e11eb8eacddd.json","emit":"save-analysis"}
{"artifact":"/home/rlkbr/Documents/fork/datafuse/target/rls/debug/deps/save-analysis/libprost_types-62a7b6a877a7be6c.json","emit":"save-analysis"}
{"artifact":"/home/rlkbr/Documents/fork/datafuse/target/rls/debug/deps/libprost_types-9243e11eb8eacddd.rmeta","emit":"metadata"}
{"artifact":"/home/rlkbr/Documents/fork/datafuse/target/rls/debug/deps/libprost_types-62a7b6a877a7be6c.rmeta","emit":"metadata"}
{"artifact":"/home/rlkbr/Documents/fork/datafuse/target/rls/debug/deps/serde-9c4705f30ca8fb46.d","emit":"dep-info"}
{"artifact":"/home/rlkbr/Documents/fork/datafuse/target/rls/debug/deps/libprost_types-9243e11eb8eacddd.rlib","emit":"link"}
{"artifact":"/home/rlkbr/Documents/fork/datafuse/target/rls/debug/deps/libprost_types-62a7b6a877a7be6c.rlib","emit":"link"}
{"artifact":"/home/rlkbr/Documents/fork/datafuse/target/rls/debug/deps/libserde-9c4705f30ca8fb46.rmeta","emit":"metadata"}
{"artifact":"/home/rlkbr/Documents/fork/datafuse/target/rls/debug/deps/libserde-9c4705f30ca8fb46.rlib","emit":"link"}
{"artifact":"/home/rlkbr/Documents/fork/datafuse/target/rls/debug/deps/cargo_platform-e762a29ebece049d.d","emit":"dep-info"}
{"artifact":"/home/rlkbr/Documents/fork/datafuse/target/rls/debug/deps/log-748f610e8e91c23d.d","emit":"dep-info"}
{"artifact":"/home/rlkbr/Documents/fork/datafuse/target/rls/debug/deps/semver-ce07c2362e181cc1.d","emit":"dep-info"}
{"artifact":"/home/rlkbr/Documents/fork/datafuse/target/rls/debug/deps/chrono-a3f938b0cb81722b.d","emit":"dep-info"}
{"artifact":"/home/rlkbr/Documents/fork/datafuse/target/rls/debug/deps/save-analysis/libcargo_platform-e762a29ebece049d.json","emit":"save-analysis"}
{"artifact":"/home/rlkbr/Documents/fork/datafuse/target/rls/debug/deps/save-analysis/liblog-748f610e8e91c23d.json","emit":"save-analysis"}
{"artifact":"/home/rlkbr/Documents/fork/datafuse/target/rls/debug/deps/save-analysis/libsemver-ce07c2362e181cc1.json","emit":"save-analysis"}
{"artifact":"/home/rlkbr/Documents/fork/datafuse/target/rls/debug/deps/liblog-748f610e8e91c23d.rmeta","emit":"metadata"}
{"artifact":"/home/rlkbr/Documents/fork/datafuse/target/rls/debug/deps/libcargo_platform-e762a29ebece049d.rmeta","emit":"metadata"}
{"artifact":"/home/rlkbr/Documents/fork/datafuse/target/rls/debug/deps/serde_json-e9fa6704da32e35e.d","emit":"dep-info"}
{"artifact":"/home/rlkbr/Documents/fork/datafuse/target/rls/debug/deps/libsemver-ce07c2362e181cc1.rmeta","emit":"metadata"}
{"artifact":"/home/rlkbr/Documents/fork/datafuse/target/rls/debug/deps/liblog-748f610e8e91c23d.rlib","emit":"link"}
{"artifact":"/home/rlkbr/Documents/fork/datafuse/target/rls/debug/deps/libcargo_platform-e762a29ebece049d.rlib","emit":"link"}
{"artifact":"/home/rlkbr/Documents/fork/datafuse/target/rls/debug/deps/users-ced30b55461cad3c.d","emit":"dep-info"}
{"artifact":"/home/rlkbr/Documents/fork/datafuse/target/rls/debug/deps/env_logger-d6784602da8d7657.d","emit":"dep-info"}
{"artifact":"/home/rlkbr/Documents/fork/datafuse/target/rls/debug/deps/libsemver-ce07c2362e181cc1.rlib","emit":"link"}
{"artifact":"/home/rlkbr/Documents/fork/datafuse/target/rls/debug/deps/prost_build-273190cf65230eda.d","emit":"dep-info"}
{"artifact":"/home/rlkbr/Documents/fork/datafuse/target/rls/debug/deps/save-analysis/libusers-ced30b55461cad3c.json","emit":"save-analysis"}
{"artifact":"/home/rlkbr/Documents/fork/datafuse/target/rls/debug/deps/libusers-ced30b55461cad3c.rmeta","emit":"metadata"}
{"artifact":"/home/rlkbr/Documents/fork/datafuse/target/rls/debug/deps/save-analysis/libenv_logger-d6784602da8d7657.json","emit":"save-analysis"}
{"artifact":"/home/rlkbr/Documents/fork/datafuse/target/rls/debug/deps/git2-d3648595bda8ce74.d","emit":"dep-info"}
{"artifact":"/home/rlkbr/Documents/fork/datafuse/target/rls/debug/deps/libenv_logger-d6784602da8d7657.rmeta","emit":"metadata"}
{"artifact":"/home/rlkbr/Documents/fork/datafuse/target/rls/debug/deps/save-analysis/libprost_build-273190cf65230eda.json","emit":"save-analysis"}
{"artifact":"/home/rlkbr/Documents/fork/datafuse/target/rls/debug/deps/libusers-ced30b55461cad3c.rlib","emit":"link"}
{"artifact":"/home/rlkbr/Documents/fork/datafuse/target/rls/debug/deps/libprost_build-273190cf65230eda.rmeta","emit":"metadata"}
{"artifact":"/home/rlkbr/Documents/fork/datafuse/target/rls/debug/deps/fsio-a2fad2bdf82198a2.d","emit":"dep-info"}
{"artifact":"/home/rlkbr/Documents/fork/datafuse/target/rls/debug/deps/libenv_logger-d6784602da8d7657.rlib","emit":"link"}
{"artifact":"/home/rlkbr/Documents/fork/datafuse/target/rls/debug/deps/save-analysis/libfsio-a2fad2bdf82198a2.json","emit":"save-analysis"}
{"artifact":"/home/rlkbr/Documents/fork/datafuse/target/rls/debug/deps/libfsio-a2fad2bdf82198a2.rmeta","emit":"metadata"}
{"artifact":"/home/rlkbr/Documents/fork/datafuse/target/rls/debug/deps/libfsio-a2fad2bdf82198a2.rlib","emit":"link"}
{"artifact":"/home/rlkbr/Documents/fork/datafuse/target/rls/debug/deps/run_script-d3edac1ed6454b25.d","emit":"dep-info"}
{"artifact":"/home/rlkbr/Documents/fork/datafuse/target/rls/debug/deps/save-analysis/libchrono-a3f938b0cb81722b.json","emit":"save-analysis"}
{"artifact":"/home/rlkbr/Documents/fork/datafuse/target/rls/debug/deps/save-analysis/librun_script-d3edac1ed6454b25.json","emit":"save-analysis"}
{"artifact":"/home/rlkbr/Documents/fork/datafuse/target/rls/debug/deps/librun_script-d3edac1ed6454b25.rmeta","emit":"metadata"}
{"artifact":"/home/rlkbr/Documents/fork/datafuse/target/rls/debug/deps/libchrono-a3f938b0cb81722b.rmeta","emit":"metadata"}
{"artifact":"/home/rlkbr/Documents/fork/datafuse/target/rls/debug/deps/libserde_json-e9fa6704da32e35e.rmeta","emit":"metadata"}
{"artifact":"/home/rlkbr/Documents/fork/datafuse/target/rls/debug/deps/librun_script-d3edac1ed6454b25.rlib","emit":"link"}
{"artifact":"/home/rlkbr/Documents/fork/datafuse/target/rls/debug/deps/libprost_build-273190cf65230eda.rlib","emit":"link"}
{"artifact":"/home/rlkbr/Documents/fork/datafuse/target/rls/debug/deps/libchrono-a3f938b0cb81722b.rlib","emit":"link"}
{"artifact":"/home/rlkbr/Documents/fork/datafuse/target/rls/debug/deps/libserde_json-e9fa6704da32e35e.rlib","emit":"link"}
{"artifact":"/home/rlkbr/Documents/fork/datafuse/target/rls/debug/deps/cargo_metadata-ae6ec1bd9b3cde50.d","emit":"dep-info"}
{"artifact":"/home/rlkbr/Documents/fork/datafuse/target/rls/debug/deps/save-analysis/libcargo_metadata-ae6ec1bd9b3cde50.json","emit":"save-analysis"}
{"artifact":"/home/rlkbr/Documents/fork/datafuse/target/rls/debug/deps/save-analysis/libgit2-d3648595bda8ce74.json","emit":"save-analysis"}
{"artifact":"/home/rlkbr/Documents/fork/datafuse/target/rls/debug/deps/libcargo_metadata-ae6ec1bd9b3cde50.rmeta","emit":"metadata"}
{"artifact":"/home/rlkbr/Documents/fork/datafuse/target/rls/debug/deps/libgit2-d3648595bda8ce74.rmeta","emit":"metadata"}
{"artifact":"/home/rlkbr/Documents/fork/datafuse/target/rls/debug/deps/libcargo_metadata-ae6ec1bd9b3cde50.rlib","emit":"link"}
{"artifact":"/home/rlkbr/Documents/fork/datafuse/target/rls/debug/deps/libgit2-d3648595bda8ce74.rlib","emit":"link"}
{"artifact":"/home/rlkbr/Documents/fork/datafuse/target/rls/debug/deps/vergen-1a83468d4bd7d5ca.d","emit":"dep-info"}
{"artifact":"/home/rlkbr/Documents/fork/datafuse/target/rls/debug/deps/save-analysis/libvergen-1a83468d4bd7d5ca.json","emit":"save-analysis"}
{"artifact":"/home/rlkbr/Documents/fork/datafuse/target/rls/debug/deps/libvergen-1a83468d4bd7d5ca.rmeta","emit":"metadata"}
{"artifact":"/home/rlkbr/Documents/fork/datafuse/target/rls/debug/deps/libvergen-1a83468d4bd7d5ca.rlib","emit":"link"}
{"artifact":"/home/rlkbr/Documents/fork/datafuse/target/rls/debug/deps/libc-de363fbc833822c3.d","emit":"dep-info"}
{"artifact":"/home/rlkbr/Documents/fork/datafuse/target/rls/debug/deps/liblibc-de363fbc833822c3.rmeta","emit":"metadata"}
{"artifact":"/home/rlkbr/Documents/fork/datafuse/target/rls/debug/deps/liblibc-de363fbc833822c3.rlib","emit":"link"}
{"artifact":"/home/rlkbr/Documents/fork/datafuse/target/rls/debug/deps/getrandom-e3805b660847e17e.d","emit":"dep-info"}
{"artifact":"/home/rlkbr/Documents/fork/datafuse/target/rls/debug/deps/save-analysis/libgetrandom-e3805b660847e17e.json","emit":"save-analysis"}
{"artifact":"/home/rlkbr/Documents/fork/datafuse/target/rls/debug/deps/atty-00a002cd092b5581.d","emit":"dep-info"}
{"artifact":"/home/rlkbr/Documents/fork/datafuse/target/rls/debug/deps/libgetrandom-e3805b660847e17e.rmeta","emit":"metadata"}
{"artifact":"/home/rlkbr/Documents/fork/datafuse/target/rls/debug/deps/save-analysis/libatty-00a002cd092b5581.json","emit":"save-analysis"}
{"artifact":"/home/rlkbr/Documents/fork/datafuse/target/rls/debug/deps/libatty-00a002cd092b5581.rmeta","emit":"metadata"}
{"artifact":"/home/rlkbr/Documents/fork/datafuse/target/rls/debug/deps/libatty-00a002cd092b5581.rlib","emit":"link"}
{"artifact":"/home/rlkbr/Documents/fork/datafuse/target/rls/debug/deps/libgetrandom-e3805b660847e17e.rlib","emit":"link"}
{"artifact":"/home/rlkbr/Documents/fork/datafuse/target/rls/debug/deps/which-9e46f7f430b8b413.d","emit":"dep-info"}
{"artifact":"/home/rlkbr/Documents/fork/datafuse/target/rls/debug/deps/clang_sys-dc4aa74c735071cc.d","emit":"dep-info"}
{"artifact":"/home/rlkbr/Documents/fork/datafuse/target/rls/debug/deps/save-analysis/libwhich-9e46f7f430b8b413.json","emit":"save-analysis"}
{"artifact":"/home/rlkbr/Documents/fork/datafuse/target/rls/debug/deps/libwhich-9e46f7f430b8b413.rmeta","emit":"metadata"}
{"artifact":"/home/rlkbr/Documents/fork/datafuse/target/rls/debug/deps/time-c661767cad1b8b00.d","emit":"dep-info"}
{"artifact":"/home/rlkbr/Documents/fork/datafuse/target/rls/debug/deps/libwhich-9e46f7f430b8b413.rlib","emit":"link"}
{"artifact":"/home/rlkbr/Documents/fork/datafuse/target/rls/debug/deps/jobserver-c733195764c350e4.d","emit":"dep-info"}
{"artifact":"/home/rlkbr/Documents/fork/datafuse/target/rls/debug/deps/save-analysis/libtime-c661767cad1b8b00.json","emit":"save-analysis"}
{"artifact":"/home/rlkbr/Documents/fork/datafuse/target/rls/debug/deps/libtime-c661767cad1b8b00.rmeta","emit":"metadata"}
{"artifact":"/home/rlkbr/Documents/fork/datafuse/target/rls/debug/deps/save-analysis/libjobserver-c733195764c350e4.json","emit":"save-analysis"}
{"artifact":"/home/rlkbr/Documents/fork/datafuse/target/rls/debug/deps/libjobserver-c733195764c350e4.rmeta","emit":"metadata"}
{"artifact":"/home/rlkbr/Documents/fork/datafuse/target/rls/debug/deps/libtime-c661767cad1b8b00.rlib","emit":"link"}
{"artifact":"/home/rlkbr/Documents/fork/datafuse/target/rls/debug/deps/libjobserver-c733195764c350e4.rlib","emit":"link"}
{"artifact":"/home/rlkbr/Documents/fork/datafuse/target/rls/debug/deps/ahash-ee759b30d1475ca1.d","emit":"dep-info"}
{"artifact":"/home/rlkbr/Documents/fork/datafuse/target/rls/debug/deps/save-analysis/libahash-ee759b30d1475ca1.json","emit":"save-analysis"}
{"artifact":"/home/rlkbr/Documents/fork/datafuse/target/rls/debug/deps/libahash-ee759b30d1475ca1.rmeta","emit":"metadata"}
{"artifact":"/home/rlkbr/Documents/fork/datafuse/target/rls/debug/deps/libahash-ee759b30d1475ca1.rlib","emit":"link"}
{"artifact":"/home/rlkbr/Documents/fork/datafuse/target/rls/debug/deps/clap-9b85e5e484e66fd9.d","emit":"dep-info"}
{"artifact":"/home/rlkbr/Documents/fork/datafuse/target/rls/debug/deps/rand_core-4e68820db342c345.d","emit":"dep-info"}
{"artifact":"/home/rlkbr/Documents/fork/datafuse/target/rls/debug/deps/save-analysis/libclang_sys-dc4aa74c735071cc.json","emit":"save-analysis"}
{"artifact":"/home/rlkbr/Documents/fork/datafuse/target/rls/debug/deps/save-analysis/librand_core-4e68820db342c345.json","emit":"save-analysis"}
{"artifact":"/home/rlkbr/Documents/fork/datafuse/target/rls/debug/deps/librand_core-4e68820db342c345.rmeta","emit":"metadata"}
{"artifact":"/home/rlkbr/Documents/fork/datafuse/target/rls/debug/deps/librand_core-4e68820db342c345.rlib","emit":"link"}
{"artifact":"/home/rlkbr/Documents/fork/datafuse/target/rls/debug/deps/cc-f9958c99874930fa.d","emit":"dep-info"}
{"artifact":"/home/rlkbr/Documents/fork/datafuse/target/rls/debug/deps/libclang_sys-dc4aa74c735071cc.rmeta","emit":"metadata"}
{"artifact":"/home/rlkbr/Documents/fork/datafuse/target/rls/debug/deps/hashbrown-b4fa6f5357df892f.d","emit":"dep-info"}
{"artifact":"/home/rlkbr/Documents/fork/datafuse/target/rls/debug/deps/save-analysis/libcc-f9958c99874930fa.json","emit":"save-analysis"}
{"artifact":"/home/rlkbr/Documents/fork/datafuse/target/rls/debug/deps/libcc-f9958c99874930fa.rmeta","emit":"metadata"}
{"artifact":"/home/rlkbr/Documents/fork/datafuse/target/rls/debug/deps/save-analysis/libhashbrown-b4fa6f5357df892f.json","emit":"save-analysis"}
{"artifact":"/home/rlkbr/Documents/fork/datafuse/target/rls/debug/deps/libhashbrown-b4fa6f5357df892f.rmeta","emit":"metadata"}
{"artifact":"/home/rlkbr/Documents/fork/datafuse/target/rls/debug/deps/rand_chacha-ccd3983a24929fc6.d","emit":"dep-info"}
{"artifact":"/home/rlkbr/Documents/fork/datafuse/target/rls/debug/deps/libhashbrown-b4fa6f5357df892f.rlib","emit":"link"}
{"artifact":"/home/rlkbr/Documents/fork/datafuse/target/rls/debug/deps/save-analysis/librand_chacha-ccd3983a24929fc6.json","emit":"save-analysis"}
{"artifact":"/home/rlkbr/Documents/fork/datafuse/target/rls/debug/deps/librand_chacha-ccd3983a24929fc6.rmeta","emit":"metadata"}
{"artifact":"/home/rlkbr/Documents/fork/datafuse/target/rls/debug/deps/libcc-f9958c99874930fa.rlib","emit":"link"}
{"artifact":"/home/rlkbr/Documents/fork/datafuse/target/rls/debug/deps/indexmap-1b6207602762eb0c.d","emit":"dep-info"}
{"artifact":"/home/rlkbr/Documents/fork/datafuse/target/rls/debug/deps/save-analysis/libindexmap-1b6207602762eb0c.json","emit":"save-analysis"}
{"artifact":"/home/rlkbr/Documents/fork/datafuse/target/rls/debug/deps/libindexmap-1b6207602762eb0c.rmeta","emit":"metadata"}
{"artifact":"/home/rlkbr/Documents/fork/datafuse/target/rls/debug/deps/libindexmap-1b6207602762eb0c.rlib","emit":"link"}
{"artifact":"/home/rlkbr/Documents/fork/datafuse/target/rls/debug/deps/save-analysis/libclap-9b85e5e484e66fd9.json","emit":"save-analysis"}
{"artifact":"/home/rlkbr/Documents/fork/datafuse/target/rls/debug/deps/librand_chacha-ccd3983a24929fc6.rlib","emit":"link"}
{"artifact":"/home/rlkbr/Documents/fork/datafuse/target/rls/debug/deps/libclap-9b85e5e484e66fd9.rmeta","emit":"metadata"}
{"artifact":"/home/rlkbr/Documents/fork/datafuse/target/rls/debug/deps/petgraph-7d754b480ca945cd.d","emit":"dep-info"}
{"artifact":"/home/rlkbr/Documents/fork/datafuse/target/rls/debug/deps/libz_sys-8432a429cbdd1398.d","emit":"dep-info"}
{"artifact":"/home/rlkbr/Documents/fork/datafuse/target/rls/debug/deps/save-analysis/liblibz_sys-8432a429cbdd1398.json","emit":"save-analysis"}
{"artifact":"/home/rlkbr/Documents/fork/datafuse/target/rls/debug/deps/liblibz_sys-8432a429cbdd1398.rmeta","emit":"metadata"}
{"artifact":"/home/rlkbr/Documents/fork/datafuse/target/rls/debug/deps/liblibz_sys-8432a429cbdd1398.rlib","emit":"link"}
{"artifact":"/home/rlkbr/Documents/fork/datafuse/target/rls/debug/deps/libclang_sys-dc4aa74c735071cc.rlib","emit":"link"}
{"artifact":"/home/rlkbr/Documents/fork/datafuse/target/rls/debug/deps/rand-3e890b022499e943.d","emit":"dep-info"}
{"artifact":"/home/rlkbr/Documents/fork/datafuse/target/rls/debug/deps/save-analysis/libpetgraph-7d754b480ca945cd.json","emit":"save-analysis"}
{"artifact":"/home/rlkbr/Documents/fork/datafuse/target/rls/debug/deps/save-analysis/librand-3e890b022499e943.json","emit":"save-analysis"}
{"artifact":"/home/rlkbr/Documents/fork/datafuse/target/rls/debug/deps/libpetgraph-7d754b480ca945cd.rmeta","emit":"metadata"}
{"artifact":"/home/rlkbr/Documents/fork/datafuse/target/rls/debug/deps/librand-3e890b022499e943.rmeta","emit":"metadata"}
{"artifact":"/home/rlkbr/Documents/fork/datafuse/target/rls/debug/deps/libpetgraph-7d754b480ca945cd.rlib","emit":"link"}
{"artifact":"/home/rlkbr/Documents/fork/datafuse/target/rls/debug/deps/serde-870d9f3b137e1a2c.d","emit":"dep-info"}
{"artifact":"/home/rlkbr/Documents/fork/datafuse/target/rls/debug/deps/librand-3e890b022499e943.rlib","emit":"link"}
{"artifact":"/home/rlkbr/Documents/fork/datafuse/target/rls/debug/deps/tempfile-0f79f81c78d0eb90.d","emit":"dep-info"}
{"artifact":"/home/rlkbr/Documents/fork/datafuse/target/rls/debug/deps/save-analysis/libtempfile-0f79f81c78d0eb90.json","emit":"save-analysis"}
{"artifact":"/home/rlkbr/Documents/fork/datafuse/target/rls/debug/deps/libtempfile-0f79f81c78d0eb90.rmeta","emit":"metadata"}
{"artifact":"/home/rlkbr/Documents/fork/datafuse/target/rls/debug/deps/libclap-9b85e5e484e66fd9.rlib","emit":"link"}
{"artifact":"/home/rlkbr/Documents/fork/datafuse/target/rls/debug/deps/libtempfile-0f79f81c78d0eb90.rlib","emit":"link"}
{"artifact":"/home/rlkbr/Documents/fork/datafuse/target/rls/debug/deps/libgit2_sys-c243261e234d2824.d","emit":"dep-info"}
{"artifact":"/home/rlkbr/Documents/fork/datafuse/target/rls/debug/deps/save-analysis/liblibgit2_sys-c243261e234d2824.json","emit":"save-analysis"}
{"artifact":"/home/rlkbr/Documents/fork/datafuse/target/rls/debug/deps/liblibgit2_sys-c243261e234d2824.rmeta","emit":"metadata"}
{"artifact":"/home/rlkbr/Documents/fork/datafuse/target/rls/debug/deps/liblibgit2_sys-c243261e234d2824.rlib","emit":"link"}
{"artifact":"/home/rlkbr/Documents/fork/datafuse/target/rls/debug/deps/libserde-870d9f3b137e1a2c.rmeta","emit":"metadata"}
{"artifact":"/home/rlkbr/Documents/fork/datafuse/target/rls/debug/deps/libserde-870d9f3b137e1a2c.rlib","emit":"link"}
{"artifact":"/home/rlkbr/Documents/fork/datafuse/target/rls/debug/deps/chrono-9dbf237b4ea7805f.d","emit":"dep-info"}
{"artifact":"/home/rlkbr/Documents/fork/datafuse/target/rls/debug/deps/log-bec14421fc1cd5cc.d","emit":"dep-info"}
{"artifact":"/home/rlkbr/Documents/fork/datafuse/target/rls/debug/deps/cargo_platform-4a50dcb681dfab4b.d","emit":"dep-info"}
{"artifact":"/home/rlkbr/Documents/fork/datafuse/target/rls/debug/deps/save-analysis/libcargo_platform-4a50dcb681dfab4b.json","emit":"save-analysis"}
{"artifact":"/home/rlkbr/Documents/fork/datafuse/target/rls/debug/deps/save-analysis/liblog-bec14421fc1cd5cc.json","emit":"save-analysis"}
{"artifact":"/home/rlkbr/Documents/fork/datafuse/target/rls/debug/deps/libcargo_platform-4a50dcb681dfab4b.rmeta","emit":"metadata"}
{"artifact":"/home/rlkbr/Documents/fork/datafuse/target/rls/debug/deps/liblog-bec14421fc1cd5cc.rmeta","emit":"metadata"}
{"artifact":"/home/rlkbr/Documents/fork/datafuse/target/rls/debug/deps/serde_json-1f2c308c4c38454e.d","emit":"dep-info"}
{"artifact":"/home/rlkbr/Documents/fork/datafuse/target/rls/debug/deps/liblog-bec14421fc1cd5cc.rlib","emit":"link"}
{"artifact":"/home/rlkbr/Documents/fork/datafuse/target/rls/debug/deps/semver-ff1916d4083ec373.d","emit":"dep-info"}
{"artifact":"/home/rlkbr/Documents/fork/datafuse/target/rls/debug/deps/libcargo_platform-4a50dcb681dfab4b.rlib","emit":"link"}
{"artifact":"/home/rlkbr/Documents/fork/datafuse/target/rls/debug/deps/save-analysis/libsemver-ff1916d4083ec373.json","emit":"save-analysis"}
{"artifact":"/home/rlkbr/Documents/fork/datafuse/target/rls/debug/deps/libsemver-ff1916d4083ec373.rmeta","emit":"metadata"}
{"artifact":"/home/rlkbr/Documents/fork/datafuse/target/rls/debug/deps/save-analysis/libchrono-9dbf237b4ea7805f.json","emit":"save-analysis"}
{"artifact":"/home/rlkbr/Documents/fork/datafuse/target/rls/debug/deps/libchrono-9dbf237b4ea7805f.rmeta","emit":"metadata"}
{"artifact":"/home/rlkbr/Documents/fork/datafuse/target/rls/debug/deps/libsemver-ff1916d4083ec373.rlib","emit":"link"}
{"artifact":"/home/rlkbr/Documents/fork/datafuse/target/rls/debug/deps/libserde_json-1f2c308c4c38454e.rmeta","emit":"metadata"}
{"artifact":"/home/rlkbr/Documents/fork/datafuse/target/rls/debug/deps/users-ec1c0443cd3044c3.d","emit":"dep-info"}
{"artifact":"/home/rlkbr/Documents/fork/datafuse/target/rls/debug/deps/save-analysis/libusers-ec1c0443cd3044c3.json","emit":"save-analysis"}
{"artifact":"/home/rlkbr/Documents/fork/datafuse/target/rls/debug/deps/prost_build-f2d3cdf717b705c3.d","emit":"dep-info"}
{"artifact":"/home/rlkbr/Documents/fork/datafuse/target/rls/debug/deps/libusers-ec1c0443cd3044c3.rmeta","emit":"metadata"}
{"artifact":"/home/rlkbr/Documents/fork/datafuse/target/rls/debug/deps/git2-1500a47379a0ad59.d","emit":"dep-info"}
{"artifact":"/home/rlkbr/Documents/fork/datafuse/target/rls/debug/deps/libchrono-9dbf237b4ea7805f.rlib","emit":"link"}
{"artifact":"/home/rlkbr/Documents/fork/datafuse/target/rls/debug/deps/save-analysis/libprost_build-f2d3cdf717b705c3.json","emit":"save-analysis"}
{"artifact":"/home/rlkbr/Documents/fork/datafuse/target/rls/debug/deps/env_logger-6ca5a65ac27af7e8.d","emit":"dep-info"}
{"artifact":"/home/rlkbr/Documents/fork/datafuse/target/rls/debug/deps/libprost_build-f2d3cdf717b705c3.rmeta","emit":"metadata"}
{"artifact":"/home/rlkbr/Documents/fork/datafuse/target/rls/debug/deps/save-analysis/libenv_logger-6ca5a65ac27af7e8.json","emit":"save-analysis"}
{"artifact":"/home/rlkbr/Documents/fork/datafuse/target/rls/debug/deps/libusers-ec1c0443cd3044c3.rlib","emit":"link"}
{"artifact":"/home/rlkbr/Documents/fork/datafuse/target/rls/debug/deps/libserde_json-1f2c308c4c38454e.rlib","emit":"link"}
{"artifact":"/home/rlkbr/Documents/fork/datafuse/target/rls/debug/deps/libenv_logger-6ca5a65ac27af7e8.rmeta","emit":"metadata"}
{"artifact":"/home/rlkbr/Documents/fork/datafuse/target/rls/debug/deps/fsio-28d31f125dc46269.d","emit":"dep-info"}
{"artifact":"/home/rlkbr/Documents/fork/datafuse/target/rls/debug/deps/save-analysis/libfsio-28d31f125dc46269.json","emit":"save-analysis"}
{"artifact":"/home/rlkbr/Documents/fork/datafuse/target/rls/debug/deps/libfsio-28d31f125dc46269.rmeta","emit":"metadata"}
{"artifact":"/home/rlkbr/Documents/fork/datafuse/target/rls/debug/deps/libenv_logger-6ca5a65ac27af7e8.rlib","emit":"link"}
{"artifact":"/home/rlkbr/Documents/fork/datafuse/target/rls/debug/deps/libfsio-28d31f125dc46269.rlib","emit":"link"}
{"artifact":"/home/rlkbr/Documents/fork/datafuse/target/rls/debug/deps/libprost_build-f2d3cdf717b705c3.rlib","emit":"link"}
{"artifact":"/home/rlkbr/Documents/fork/datafuse/target/rls/debug/deps/cargo_metadata-b248f4526b30bdc3.d","emit":"dep-info"}
{"artifact":"/home/rlkbr/Documents/fork/datafuse/target/rls/debug/deps/run_script-bc2561ae0b75d9f7.d","emit":"dep-info"}
{"artifact":"/home/rlkbr/Documents/fork/datafuse/target/rls/debug/deps/save-analysis/librun_script-bc2561ae0b75d9f7.json","emit":"save-analysis"}
{"artifact":"/home/rlkbr/Documents/fork/datafuse/target/rls/debug/deps/librun_script-bc2561ae0b75d9f7.rmeta","emit":"metadata"}
{"artifact":"/home/rlkbr/Documents/fork/datafuse/target/rls/debug/deps/librun_script-bc2561ae0b75d9f7.rlib","emit":"link"}
{"artifact":"/home/rlkbr/Documents/fork/datafuse/target/rls/debug/deps/save-analysis/libcargo_metadata-b248f4526b30bdc3.json","emit":"save-analysis"}
{"artifact":"/home/rlkbr/Documents/fork/datafuse/target/rls/debug/deps/libcargo_metadata-b248f4526b30bdc3.rmeta","emit":"metadata"}
{"artifact":"/home/rlkbr/Documents/fork/datafuse/target/rls/debug/deps/save-analysis/libgit2-1500a47379a0ad59.json","emit":"save-analysis"}
{"artifact":"/home/rlkbr/Documents/fork/datafuse/target/rls/debug/deps/libcargo_metadata-b248f4526b30bdc3.rlib","emit":"link"}
{"artifact":"/home/rlkbr/Documents/fork/datafuse/target/rls/debug/deps/libgit2-1500a47379a0ad59.rmeta","emit":"metadata"}
{"artifact":"/home/rlkbr/Documents/fork/datafuse/target/rls/debug/deps/libgit2-1500a47379a0ad59.rlib","emit":"link"}
{"artifact":"/home/rlkbr/Documents/fork/datafuse/target/rls/debug/deps/vergen-3d8bb1fa50c917a5.d","emit":"dep-info"}
{"artifact":"/home/rlkbr/Documents/fork/datafuse/target/rls/debug/deps/save-analysis/libvergen-3d8bb1fa50c917a5.json","emit":"save-analysis"}
{"artifact":"/home/rlkbr/Documents/fork/datafuse/target/rls/debug/deps/libvergen-3d8bb1fa50c917a5.rmeta","emit":"metadata"}
{"artifact":"/home/rlkbr/Documents/fork/datafuse/target/rls/debug/deps/libvergen-3d8bb1fa50c917a5.rlib","emit":"link"}
